[0923/183853.859:ERROR:process_info.cc(359)] UncheckedAllocate
[0923/183857.808:ERROR:process_info.cc(359)] UncheckedAllocate
[0923/183902.059:ERROR:process_info.cc(359)] UncheckedAllocate
[1006/125800.797:ERROR:process_info.cc(359)] UncheckedAllocate
[1006/125828.412:ERROR:process_info.cc(359)] UncheckedAllocate
[1006/125828.677:ERROR:process_info.cc(359)] UncheckedAllocate
[1006/130849.397:ERROR:file_io.cc(135)] WriteFile: The pipe is being closed. (0xE8)
[1006/133734.189:ERROR:process_info.cc(359)] UncheckedAllocate
[1006/133750.561:ERROR:process_info.cc(359)] UncheckedAllocate
[1006/133750.573:ERROR:process_info.cc(359)] UncheckedAllocate
[1014/103146.771:ERROR:directory_reader_win.cc(43)] FindFirstFile: The system cannot find the path specified. (0x3)
[1014/180146.030:ERROR:directory_reader_win.cc(43)] FindFirstFile: The system cannot find the path specified. (0x3)
[1022/090545.612:ERROR:directory_reader_win.cc(43)] FindFirstFile: The system cannot find the path specified. (0x3)
[1103/123842.557:ERROR:directory_reader_win.cc(43)] FindFirstFile: The system cannot find the path specified. (0x3)
[1112/083957.922:ERROR:directory_reader_win.cc(43)] FindFirstFile: The system cannot find the path specified. (0x3)
[1112/110957.373:ERROR:directory_reader_win.cc(43)] FindFirstFile: The system cannot find the path specified. (0x3)
[1121/192407.836:ERROR:directory_reader_win.cc(43)] FindFirstFile: The system cannot find the path specified. (0x3)
[1129/142141.605:ERROR:directory_reader_win.cc(43)] FindFirstFile: The system cannot find the path specified. (0x3)
[1129/183711.584:ERROR:directory_reader_win.cc(43)] FindFirstFile: The system cannot find the path specified. (0x3)
[1130/165817.127:ERROR:directory_reader_win.cc(43)] FindFirstFile: The system cannot find the path specified. (0x3)
[1201/170827.729:ERROR:directory_reader_win.cc(43)] FindFirstFile: The system cannot find the path specified. (0x3)
[1210/150556.287:ERROR:directory_reader_win.cc(43)] FindFirstFile: The system cannot find the path specified. (0x3)
[1231/202208.762:ERROR:filesystem_win.cc(129)] GetFileAttributes C:\Users\steve\AppData\Local\Google\Chrome\User Data\Crashpad\attachments\53f5cec6-d6f5-4cf6-9081-0fdf18b65809: The system cannot find the path specified. (0x3)
[1231/202208.777:ERROR:filesystem_win.cc(129)] GetFileAttributes C:\Users\steve\AppData\Local\Google\Chrome\User Data\Crashpad\attachments\95fdbf0e-39e3-49ed-bdce-17b4a953bec8: The system cannot find the path specified. (0x3)
[1231/202208.793:ERROR:filesystem_win.cc(129)] GetFileAttributes C:\Users\steve\AppData\Local\Google\Chrome\User Data\Crashpad\attachments\f84983f5-29ab-4143-a859-650226c30cd2: The system cannot find the path specified. (0x3)
[1231/202208.793:ERROR:directory_reader_win.cc(43)] FindFirstFile: The system cannot find the path specified. (0x3)
